
The following files have been resolved:
   org.eclipse.jetty:jetty-webapp:jar:9.4.25.v20191220:compile
   org.jetbrains.kotlin:kotlin-reflect:jar:1.1.1:compile
   org.jetbrains.kotlin:kotlin-stdlib-common:jar:1.4.10:compile
   com.fasterxml.jackson.core:jackson-databind:jar:2.10.1:compile
   org.eclipse.jetty.websocket:websocket-server:jar:9.4.25.v20191220:compile
   org.eclipse.jetty:jetty-util:jar:9.4.25.v20191220:compile
   org.eclipse.jetty.websocket:websocket-client:jar:9.4.25.v20191220:compile
   org.eclipse.jetty.websocket:websocket-servlet:jar:9.4.25.v20191220:compile
   org.eclipse.jetty:jetty-io:jar:9.4.25.v20191220:compile
   org.eclipse.jetty:jetty-xml:jar:9.4.25.v20191220:compile
   org.eclipse.jetty:jetty-servlet:jar:9.4.25.v20191220:compile
   org.eclipse.jetty.websocket:websocket-common:jar:9.4.25.v20191220:compile
   org.jetbrains.kotlin:kotlin-stdlib-jdk7:jar:1.3.61:compile
   org.slf4j:slf4j-api:jar:1.8.0-beta4:compile
   org.jetbrains.kotlin:kotlin-stdlib:jar:1.4.10:compile
   javax.servlet:javax.servlet-api:jar:3.1.0:compile
   org.eclipse.jetty:jetty-server:jar:9.4.25.v20191220:compile
   org.eclipse.jetty:jetty-client:jar:9.4.25.v20191220:compile
   org.eclipse.jetty:jetty-security:jar:9.4.25.v20191220:compile
   com.fasterxml.jackson.core:jackson-core:jar:2.10.1:compile
   com.fasterxml.jackson.core:jackson-annotations:jar:2.10.1:compile
   com.fasterxml.jackson.module:jackson-module-kotlin:jar:2.8.8:compile
   io.javalin:javalin:jar:3.7.0:compile
   org.eclipse.jetty.websocket:websocket-api:jar:9.4.25.v20191220:compile
   org.slf4j:slf4j-simple:jar:1.8.0-beta4:compile
   org.eclipse.jetty:jetty-http:jar:9.4.25.v20191220:compile
   org.jetbrains.kotlin:kotlin-stdlib-jdk8:jar:1.3.61:compile
   org.jetbrains:annotations:jar:13.0:compile

